2026-06-18 23:25:24,986 [INFO] ==================================================
2026-06-18 23:25:24,987 [INFO] 任务: 资产收货更新  匹配值: 8CG9357Y56
2026-06-18 23:25:24,987 [INFO] *** 预览模式，不会修改任何文件 ***
2026-06-18 23:25:31,024 [INFO] 
处理工作表: [Canada]
2026-06-18 23:25:31,025 [WARNING]   在工作表 'Canada' 的列 N 中未找到 '8CG9357Y56'
2026-06-18 23:25:31,025 [INFO] 
处理工作表: [Ger&JVAC&Swiss]
2026-06-18 23:25:31,026 [WARNING]   在工作表 'Ger&JVAC&Swiss' 的列 N 中未找到 '8CG9357Y56'
2026-06-18 23:25:31,026 [INFO] 
处理工作表: [Italy]
2026-06-18 23:25:31,027 [WARNING]   在工作表 'Italy' 的列 N 中未找到 '8CG9357Y56'
2026-06-18 23:25:31,027 [INFO] 
处理工作表: [Non-Sch]
2026-06-18 23:25:31,027 [WARNING]   在工作表 'Non-Sch' 的列 N 中未找到 '8CG9357Y56'
2026-06-18 23:25:31,027 [INFO] 
处理工作表: [Platinum Lounge]
2026-06-18 23:25:31,028 [WARNING]   在工作表 'Platinum Lounge' 的列 N 中未找到 '8CG9357Y56'
2026-06-18 23:25:31,028 [INFO] 
处理工作表: [RO]
2026-06-18 23:25:31,028 [INFO]   找到行 123，执行更新...
2026-06-18 23:25:31,028 [INFO]     [预览] 列U: 'Spare' -> 'In Use'
2026-06-18 23:25:31,028 [INFO]     [预览] 列AC: 'None' -> 'Transferred from'
2026-06-18 23:25:31,028 [INFO] 
处理工作表: [UK&Ireland]
2026-06-18 23:25:31,029 [WARNING]   在工作表 'UK&Ireland' 的列 N 中未找到 '8CG9357Y56'
2026-06-18 23:25:31,029 [INFO] 
处理工作表: [US]
2026-06-18 23:25:31,029 [WARNING]   在工作表 'US' 的列 N 中未找到 '8CG9357Y56'
2026-06-18 23:25:31,029 [INFO] 
处理工作表: [Vasco]
2026-06-18 23:25:31,029 [WARNING]   在工作表 'Vasco' 的列 N 中未找到 '8CG9357Y56'
2026-06-18 23:25:31,029 [INFO] ==================================================
2026-06-18 23:25:31,029 [INFO] 处理汇总:
2026-06-18 23:25:31,029 [INFO]   C:\Users\Administrator\Desktop\py\VFS IT Inventory Guangzhou 2026.xlsx: 找到=True, 更新项=2
2026-06-18 23:25:31,030 [INFO] 预览完成，确认无误后去掉 --dry-run 参数执行。
2026-06-18 23:26:05,986 [INFO] ==================================================
2026-06-18 23:26:05,987 [INFO] 任务: 资产收货更新  匹配值: 8CG9357Y56
2026-06-18 23:26:05,988 [INFO] 已备份: C:\Users\Administrator\Desktop\py\VFS IT Inventory Guangzhou 2026.xlsx -> backup\VFS IT Inventory Guangzhou 2026_20260618_232605.xlsx
2026-06-18 23:26:11,865 [INFO] 
处理工作表: [Canada]
2026-06-18 23:26:11,865 [WARNING]   在工作表 'Canada' 的列 N 中未找到 '8CG9357Y56'
2026-06-18 23:26:11,866 [INFO] 
处理工作表: [Ger&JVAC&Swiss]
2026-06-18 23:26:11,867 [WARNING]   在工作表 'Ger&JVAC&Swiss' 的列 N 中未找到 '8CG9357Y56'
2026-06-18 23:26:11,867 [INFO] 
处理工作表: [Italy]
2026-06-18 23:26:11,867 [WARNING]   在工作表 'Italy' 的列 N 中未找到 '8CG9357Y56'
2026-06-18 23:26:11,868 [INFO] 
处理工作表: [Non-Sch]
2026-06-18 23:26:11,868 [WARNING]   在工作表 'Non-Sch' 的列 N 中未找到 '8CG9357Y56'
2026-06-18 23:26:11,868 [INFO] 
处理工作表: [Platinum Lounge]
2026-06-18 23:26:11,868 [WARNING]   在工作表 'Platinum Lounge' 的列 N 中未找到 '8CG9357Y56'
2026-06-18 23:26:11,868 [INFO] 
处理工作表: [RO]
2026-06-18 23:26:11,869 [INFO]   找到行 123，执行更新...
2026-06-18 23:26:11,869 [INFO]     已更新列U: 'Spare' -> 'In Use'
2026-06-18 23:26:11,869 [INFO]     已更新列AC: 'None' -> 'Transferred from'
2026-06-18 23:26:11,869 [INFO] 
处理工作表: [UK&Ireland]
2026-06-18 23:26:11,870 [WARNING]   在工作表 'UK&Ireland' 的列 N 中未找到 '8CG9357Y56'
2026-06-18 23:26:11,870 [INFO] 
处理工作表: [US]
2026-06-18 23:26:11,870 [WARNING]   在工作表 'US' 的列 N 中未找到 '8CG9357Y56'
2026-06-18 23:26:11,870 [INFO] 
处理工作表: [Vasco]
2026-06-18 23:26:11,870 [WARNING]   在工作表 'Vasco' 的列 N 中未找到 '8CG9357Y56'
2026-06-18 23:26:27,565 [INFO] ==================================================
2026-06-18 23:26:27,565 [INFO] 任务: 资产收货更新  匹配值: 8CG9357Y56
2026-06-18 23:26:27,567 [INFO] 已备份: C:\Users\Administrator\Desktop\py\VFS IT Inventory Guangzhou 2026.xlsx -> backup\VFS IT Inventory Guangzhou 2026_20260618_232627.xlsx
2026-06-18 23:26:33,268 [INFO] 
处理工作表: [Canada]
2026-06-18 23:26:33,269 [WARNING]   在工作表 'Canada' 的列 N 中未找到 '8CG9357Y56'
2026-06-18 23:26:33,269 [INFO] 
处理工作表: [Ger&JVAC&Swiss]
2026-06-18 23:26:33,270 [WARNING]   在工作表 'Ger&JVAC&Swiss' 的列 N 中未找到 '8CG9357Y56'
2026-06-18 23:26:33,270 [INFO] 
处理工作表: [Italy]
2026-06-18 23:26:33,271 [WARNING]   在工作表 'Italy' 的列 N 中未找到 '8CG9357Y56'
2026-06-18 23:26:33,271 [INFO] 
处理工作表: [Non-Sch]
2026-06-18 23:26:33,271 [WARNING]   在工作表 'Non-Sch' 的列 N 中未找到 '8CG9357Y56'
2026-06-18 23:26:33,271 [INFO] 
处理工作表: [Platinum Lounge]
2026-06-18 23:26:33,271 [WARNING]   在工作表 'Platinum Lounge' 的列 N 中未找到 '8CG9357Y56'
2026-06-18 23:26:33,271 [INFO] 
处理工作表: [RO]
2026-06-18 23:26:33,272 [INFO]   找到行 123，执行更新...
2026-06-18 23:26:33,272 [INFO]     已更新列U: 'Spare' -> 'In Use'
2026-06-18 23:26:33,272 [INFO]     已更新列AC: 'None' -> 'Transferred from'
2026-06-18 23:26:33,272 [INFO] 
处理工作表: [UK&Ireland]
2026-06-18 23:26:33,272 [WARNING]   在工作表 'UK&Ireland' 的列 N 中未找到 '8CG9357Y56'
2026-06-18 23:26:33,273 [INFO] 
处理工作表: [US]
2026-06-18 23:26:33,273 [WARNING]   在工作表 'US' 的列 N 中未找到 '8CG9357Y56'
2026-06-18 23:26:33,273 [INFO] 
处理工作表: [Vasco]
2026-06-18 23:26:33,273 [WARNING]   在工作表 'Vasco' 的列 N 中未找到 '8CG9357Y56'
2026-06-18 23:26:34,010 [INFO] 文件已保存
2026-06-18 23:26:34,010 [INFO] ==================================================
2026-06-18 23:26:34,010 [INFO] 处理汇总:
2026-06-18 23:26:34,010 [INFO]   C:\Users\Administrator\Desktop\py\VFS IT Inventory Guangzhou 2026.xlsx: 找到=True, 更新项=2
